-------------------------------------------------------------------------------
Test set: TestSuite
-------------------------------------------------------------------------------
Tests run: 2, Failures: 1, Errors: 0, Skipped: 0, Time elapsed: 57.91 s <<< FAILURE! - in TestSuite
visitAmazon(seleniumVisitAmazon.VisitAmazonPageTest)  Time elapsed: 11.818 s  <<< FAILURE!
org.junit.ComparisonFailure: Amount in item was not the same as  expected:<$[0.00]> but was:<$[47.49]>
	at seleniumVisitAmazon.VisitAmazonPageTest.visitAmazon(VisitAmazonPageTest.java:60)

